<?xml version="1.0" encoding="UTF-8"?>
<testsuite xmlns:xsi="http://www.w3.org/2001/XMLSchema-instance" xsi:noNamespaceSchemaLocation="https://maven.apache.org/surefire/maven-surefire-plugin/xsd/surefire-test-report-3.0.xsd" version="3.0" name="com.example.springbootdemo.SpringbootDemoApplicationTests" time="6.422" tests="1" errors="0" skipped="0" failures="0">
  <properties>
[...]
</properties>
  <testcase name="contextLoads" classname="com.example.springbootdemo.SpringbootDemoApplicationTests" time="1.812">
    <system-out><![CDATA[23:06:09.818 [main] INFO org.springframework.test.context.support.AnnotationConfigContextLoaderUtils -- Could not detect default configuration classes for test class [com.example.springbootdemo.SpringbootDemoApplicationTests]: SpringbootDemoApplicationTests does not declare any static, non-private, non-final, nested classes annotated with @Configuration.
23:06:10.084 [main] INFO org.springframework.boot.test.context.SpringBootTestContextBootstrapper -- Found @SpringBootConfiguration com.example.springbootdemo.SpringbootDemoApplication for test class com.example.springbootdemo.SpringbootDemoApplicationTests

  .   ____          _            __ _ _
 /\\ / ___'_ __ _ _(_)_ __  __ _ \ \ \ \
( ( )\___ | '_ | '_| | '_ \/ _` | \ \ \ \
 \\/  ___)| |_)| | | | | || (_| |  ) ) ) )
  '  |____| .__|_| |_|_| |_\__, | / / / /
 =========|_|==============|___/=/_/_/_/
 :: Spring Boot ::                (v3.2.4)

2024-03-28T23:06:11.063+05:30  INFO 14200 --- [springboot-demo] [           main] c.e.s.SpringbootDemoApplicationTests     : Starting SpringbootDemoApplicationTests using Java 21.0.2 with PID 14200 (started by User in C:\Users\testb\Downloads\springboot-demo\springboot-demo)
2024-03-28T23:06:11.068+05:30  INFO 14200 --- [springboot-demo] [           main] c.e.s.SpringbootDemoApplicationTests     : No active profile set, falling back to 1 default profile: "default"
2024-03-28T23:06:13.335+05:30  INFO 14200 --- [springboot-demo] [           main] o.s.b.a.w.s.WelcomePageHandlerMapping    : Adding welcome page: class path resource [static/index.html]
2024-03-28T23:06:14.011+05:30  INFO 14200 --- [springboot-demo] [           main] c.e.s.SpringbootDemoApplicationTests     : Started SpringbootDemoApplicationTests in 3.599 seconds (process running for 5.744)
]]></system-out>
    <system-err><![CDATA[WARNING: A Java agent has been loaded dynamically (C:\Users\testb\.m2\repository\net\bytebuddy\byte-buddy-agent\1.14.12\byte-buddy-agent-1.14.12.jar)
WARNING: If a serviceability tool is in use, please run with -XX:+EnableDynamicAgentLoading to hide this warning
WARNING: If a serviceability tool is not in use, please run with -Djdk.instrument.traceUsage for more information
WARNING: Dynamic loading of agents will be disallowed by default in a future release
]]></system-err>
  </testcase>
</testsuite>